[dotenv@17.3.1] injecting env (11) from .env -- tip: ΓÜÖ∩╕Å  specify custom .env file path with { path: '/custom/path/.env' }
Server running on port 5000
node : MongoDB connection 
error: MongoNetworkError: 
E09F0000:error:0A000438:SSL r
outines:ssl3_read_bytes:tlsv1
 alert internal error:openssl
\ssl\record\rec_layer_s3.c:91
6:SSL alert number 80
At line:1 char:1
+ node src/server.js 2>&1 | 
Out-File -Encoding utf8 
error10.log
+ ~~~~~~~~~~~~~~~~~~~~~~~
    + CategoryInfo           
   : NotSpecifi    ed: 
(MongoDB conne    ct...alert 
number     80:String) [], 
Rem    oteException
    + FullyQualifiedEr    
rorId : NativeComm    
andError
 

    at TLSSocket.<anonymous> 
(D:\interpreparation\backend\
node_modules\mongodb\lib\cmap
\connect.js:286:44)
    at Object.onceWrapper 
(node:events:623:26)
    at TLSSocket.emit 
(node:events:508:28)
    at emitErrorNT (node:inte
rnal/streams/destroy:170:8)
    at emitErrorCloseNT (node
:internal/streams/destroy:129
:3)
    at process.processTicksAn
dRejections (node:internal/pr
ocess/task_queues:89:21) {
  errorLabelSet: Set(1) { 
'ResetPool' },
  beforeHandshake: false,
  connectionGeneration: 0,
  [cause]: [Error: 
E09F0000:error:0A000438:SSL r
outines:ssl3_read_bytes:tlsv1
 alert internal error:openssl
\ssl\record\rec_layer_s3.c:91
6:SSL alert number 80
  ] {
    library: 'SSL routines',
    reason: 'tlsv1 alert 
internal error',
    code: 'ERR_SSL_TLSV1_ALER
T_INTERNAL_ERROR'
  }
}
